#-----------------------------------------------------------
# Vivado v2020.2 (64-bit)
# SW Build 3064766 on Wed Nov 18 09:12:45 MST 2020
# IP Build 3064653 on Wed Nov 18 14:17:31 MST 2020
# Start of session at: Fri May  3 13:49:14 2024
# Process ID: 13872
# Current directory: C:/Users/jonnaji/Documents/Final-Project/Vivado/Project
# Command line: vivado.exe -gui_launcher_event rodinguilauncherevent25568 C:\Users\jonnaji\Documents\Final-Project\Vivado\Project\Project.xpr
# Log file: C:/Users/jonnaji/Documents/Final-Project/Vivado/Project/vivado.log
# Journal file: C:/Users/jonnaji/Documents/Final-Project/Vivado/Project\vivado.jou
#-----------------------------------------------------------
start_gui
open_project C:/Users/jonnaji/Documents/Final-Project/Vivado/Project/Project.xpr
INFO: [Project 1-313] Project file moved from 'C:/Users/srobi18/Desktop/Final-Project/Vivado/Project' since last save.
CRITICAL WARNING: [Project 1-311] Could not find the file 'C:/Users/jonnaji/Documents/Final-Project/Vivado/Project/Project.srcs/sources_1/imports/dldfall22proj/SV/all.sv', nor could it be found using path 'C:/Users/srobi18/Desktop/Final-Project/Vivado/Project/Project.srcs/sources_1/imports/dldfall22proj/SV/all.sv'.
CRITICAL WARNING: [Project 1-311] Could not find the file 'C:/Users/jonnaji/Downloads/dldfall2022-main/Lab3/SV/clk_div.sv', nor could it be found using path 'C:/Users/srobi18/Downloads/dldfall2022-main/Lab3/SV/clk_div.sv'.
CRITICAL WARNING: [Project 1-311] Could not find the file 'C:/Users/jonnaji/Documents/Final-Project/Vivado/Project/Project.srcs/sources_1/imports/dldfall22proj/SV/datapath.sv', nor could it be found using path 'C:/Users/srobi18/Desktop/Final-Project/Vivado/Project/Project.srcs/sources_1/imports/dldfall22proj/SV/datapath.sv'.
CRITICAL WARNING: [Project 1-311] Could not find the file 'C:/Users/jonnaji/Documents/Final-Project/Vivado/Project/Project.srcs/sources_1/imports/dldfall22proj/SV/fsm.sv', nor could it be found using path 'C:/Users/srobi18/Desktop/Final-Project/Vivado/Project/Project.srcs/sources_1/imports/dldfall22proj/SV/fsm.sv'.
CRITICAL WARNING: [Project 1-311] Could not find the file 'C:/Users/jonnaji/Documents/Final-Project/Vivado/Project/Project.srcs/sources_1/imports/dldfall22proj/SV/mux.sv', nor could it be found using path 'C:/Users/srobi18/Desktop/Final-Project/Vivado/Project/Project.srcs/sources_1/imports/dldfall22proj/SV/mux.sv'.
CRITICAL WARNING: [Project 1-311] Could not find the file 'C:/Users/jonnaji/Documents/Final-Project/Vivado/Project/Project.srcs/sources_1/imports/dldfall22proj/SV/register.sv', nor could it be found using path 'C:/Users/srobi18/Desktop/Final-Project/Vivado/Project/Project.srcs/sources_1/imports/dldfall22proj/SV/register.sv'.
CRITICAL WARNING: [Project 1-311] Could not find the file 'C:/Users/jonnaji/Documents/hdmi_files/hdmi_working/audio_clock_regeneration_packet.sv', nor could it be found using path 'C:/Users/srobi18/Desktop/hdmi_files/hdmi_working/audio_clock_regeneration_packet.sv'.
CRITICAL WARNING: [Project 1-311] Could not find the file 'C:/Users/jonnaji/Documents/hdmi_files/hdmi_working/audio_info_frame.sv', nor could it be found using path 'C:/Users/srobi18/Desktop/hdmi_files/hdmi_working/audio_info_frame.sv'.
CRITICAL WARNING: [Project 1-311] Could not find the file 'C:/Users/jonnaji/Documents/hdmi_files/hdmi_working/audio_sample_packet.sv', nor could it be found using path 'C:/Users/srobi18/Desktop/hdmi_files/hdmi_working/audio_sample_packet.sv'.
CRITICAL WARNING: [Project 1-311] Could not find the file 'C:/Users/jonnaji/Documents/hdmi_files/hdmi_working/auxiliary_video_information_info_frame.sv', nor could it be found using path 'C:/Users/srobi18/Desktop/hdmi_files/hdmi_working/auxiliary_video_information_info_frame.sv'.
CRITICAL WARNING: [Project 1-311] Could not find the file 'C:/Users/jonnaji/Documents/hdmi_files/hdmi_working/hdmi.sv', nor could it be found using path 'C:/Users/srobi18/Desktop/hdmi_files/hdmi_working/hdmi.sv'.
CRITICAL WARNING: [Project 1-311] Could not find the file 'C:/Users/jonnaji/Documents/hdmi_files/hdmi_working/hdmi_top.sv', nor could it be found using path 'C:/Users/srobi18/Desktop/hdmi_files/hdmi_working/hdmi_top.sv'.
CRITICAL WARNING: [Project 1-311] Could not find the file 'C:/Users/jonnaji/Documents/hdmi_files/hdmi_working/packet_assembler.sv', nor could it be found using path 'C:/Users/srobi18/Desktop/hdmi_files/hdmi_working/packet_assembler.sv'.
CRITICAL WARNING: [Project 1-311] Could not find the file 'C:/Users/jonnaji/Documents/hdmi_files/hdmi_working/packet_picker.sv', nor could it be found using path 'C:/Users/srobi18/Desktop/hdmi_files/hdmi_working/packet_picker.sv'.
CRITICAL WARNING: [Project 1-311] Could not find the file 'C:/Users/jonnaji/Documents/hdmi_files/hdmi_working/pll.sv', nor could it be found using path 'C:/Users/srobi18/Desktop/hdmi_files/hdmi_working/pll.sv'.
CRITICAL WARNING: [Project 1-311] Could not find the file 'C:/Users/jonnaji/Documents/hdmi_files/hdmi_working/serializer.sv', nor could it be found using path 'C:/Users/srobi18/Desktop/hdmi_files/hdmi_working/serializer.sv'.
CRITICAL WARNING: [Project 1-311] Could not find the file 'C:/Users/jonnaji/Documents/hdmi_files/hdmi_working/source_product_description_info_frame.sv', nor could it be found using path 'C:/Users/srobi18/Desktop/hdmi_files/hdmi_working/source_product_description_info_frame.sv'.
CRITICAL WARNING: [Project 1-311] Could not find the file 'C:/Users/jonnaji/Documents/hdmi_files/hdmi_working/tmds_channel.sv', nor could it be found using path 'C:/Users/srobi18/Desktop/hdmi_files/hdmi_working/tmds_channel.sv'.
CRITICAL WARNING: [Project 1-311] Could not find the file 'C:/Users/jonnaji/Documents/hdmi_files/hdmi_working/attributemap.sv', nor could it be found using path 'C:/Users/srobi18/Desktop/hdmi_files/hdmi_working/attributemap.sv'.
CRITICAL WARNING: [Project 1-311] Could not find the file 'C:/Users/jonnaji/Documents/hdmi_files/hdmi_working/console.sv', nor could it be found using path 'C:/Users/srobi18/Desktop/hdmi_files/hdmi_working/console.sv'.
CRITICAL WARNING: [Project 1-311] Could not find the file 'C:/Users/jonnaji/Documents/hdmi_files/hdmi_working/glyphmap.sv', nor could it be found using path 'C:/Users/srobi18/Desktop/hdmi_files/hdmi_working/glyphmap.sv'.
CRITICAL WARNING: [Project 1-19] Could not find the file 'C:/Users/Downloads/hdmi_working/attributemap.sv'.
CRITICAL WARNING: [Project 1-19] Could not find the file 'C:/Users/Downloads/hdmi_working/audio_clock_regeneration_packet.sv'.
CRITICAL WARNING: [Project 1-19] Could not find the file 'C:/Users/Downloads/hdmi_working/audio_info_frame.sv'.
CRITICAL WARNING: [Project 1-19] Could not find the file 'C:/Users/Downloads/hdmi_working/audio_sample_packet.sv'.
CRITICAL WARNING: [Project 1-19] Could not find the file 'C:/Users/Downloads/hdmi_working/auxiliary_video_information_info_frame.sv'.
CRITICAL WARNING: [Project 1-19] Could not find the file 'C:/Users/Downloads/hdmi_working/console.sv'.
CRITICAL WARNING: [Project 1-19] Could not find the file 'C:/Users/Downloads/hdmi_working/glyphmap.sv'.
CRITICAL WARNING: [Project 1-19] Could not find the file 'C:/Users/Downloads/hdmi_working/hdmi.sv'.
CRITICAL WARNING: [Project 1-19] Could not find the file 'C:/Users/Downloads/hdmi_working/hdmi_top.sv'.
CRITICAL WARNING: [Project 1-19] Could not find the file 'C:/Users/Downloads/hdmi_working/packet_assembler.sv'.
CRITICAL WARNING: [Project 1-19] Could not find the file 'C:/Users/Downloads/hdmi_working/packet_picker.sv'.
CRITICAL WARNING: [Project 1-19] Could not find the file 'C:/Users/Downloads/hdmi_working/pll.sv'.
CRITICAL WARNING: [Project 1-19] Could not find the file 'C:/Users/Downloads/hdmi_working/serializer.sv'.
CRITICAL WARNING: [Project 1-19] Could not find the file 'C:/Users/Downloads/hdmi_working/source_product_description_info_frame.sv'.
CRITICAL WARNING: [Project 1-19] Could not find the file 'C:/Users/Downloads/hdmi_working/tmds_channel.sv'.
CRITICAL WARNING: [Project 1-311] Could not find the file 'C:/Users/jonnaji/Documents/Final-Project/Demo/archive_project_summary.txt', nor could it be found using path 'C:/Users/srobi18/Desktop/Final-Project/Demo/archive_project_summary.txt'.
CRITICAL WARNING: [Project 1-311] Could not find the file 'C:/Users/jonnaji/Documents/Final-Project/SV/flopenrc.sv', nor could it be found using path 'C:/Users/srobi18/Desktop/Final-Project/SV/flopenrc.sv'.
CRITICAL WARNING: [Project 1-311] Could not find the file 'C:/Users/jonnaji/Documents/Final-Project/SV/flop.sv', nor could it be found using path 'C:/Users/srobi18/Desktop/Final-Project/SV/flop.sv'.
CRITICAL WARNING: [Project 1-311] Could not find the file 'C:/Users/jonnaji/Documents/Final-Project/SV/flopen.sv', nor could it be found using path 'C:/Users/srobi18/Desktop/Final-Project/SV/flopen.sv'.
CRITICAL WARNING: [Project 1-311] Could not find the file 'C:/Users/jonnaji/Documents/Final-Project/SV/flopenl.sv', nor could it be found using path 'C:/Users/srobi18/Desktop/Final-Project/SV/flopenl.sv'.
CRITICAL WARNING: [Project 1-311] Could not find the file 'C:/Users/jonnaji/Documents/Final-Project/SV/flopenr.sv', nor could it be found using path 'C:/Users/srobi18/Desktop/Final-Project/SV/flopenr.sv'.
CRITICAL WARNING: [Project 1-311] Could not find the file 'C:/Users/jonnaji/Documents/Final-Project/SV/flopens.sv', nor could it be found using path 'C:/Users/srobi18/Desktop/Final-Project/SV/flopens.sv'.
CRITICAL WARNING: [Project 1-311] Could not find the file 'C:/Users/jonnaji/Documents/Final-Project/SV/floprc.sv', nor could it be found using path 'C:/Users/srobi18/Desktop/Final-Project/SV/floprc.sv'.
CRITICAL WARNING: [Project 1-311] Could not find the file 'C:/Users/jonnaji/Documents/Final-Project/SV/datapath_tb.sv', nor could it be found using path 'C:/Users/srobi18/Desktop/Final-Project/SV/datapath_tb.sv'.
Scanning sources...
Finished scanning sources
INFO: [IP_Flow 19-234] Refreshing IP repositories
INFO: [IP_Flow 19-1704] No user IP repositories specified
INFO: [IP_Flow 19-2313] Loaded Vivado IP repository 'C:/Xilinx/Vivado/2020.2/data/ip'.
open_project: Time (s): cpu = 00:00:20 ; elapsed = 00:00:09 . Memory (MB): peak = 1080.934 ; gain = 0.000
update_compile_order -fileset sources_1
startgroup
create_report_config -report_name impl_1_route_report_utilization_0 -step route_design -report_type report_utilization -run impl_1
set_property DISPLAY_NAME {Utilization - Route Design} [get_report_configs -of_objects [get_runs impl_1] impl_1_route_report_utilization_0] 
startgroup
create_report_config -report_name impl_1_route_report_timing_0 -step route_design -report_type report_timing -run impl_1
set_property DISPLAY_NAME {Timing - Route Design} [get_report_configs -of_objects [get_runs impl_1] impl_1_route_report_timing_0] 
startgroup
create_report_config -report_name impl_1_route_report_power_1 -step route_design -report_type report_power -run impl_1
set_property DISPLAY_NAME {Power 1 - Route Design} [get_report_configs -of_objects [get_runs impl_1] impl_1_route_report_power_1] 
reset_run synth_1
launch_runs impl_1 -jobs 8
[Fri May  3 13:50:49 2024] Launched synth_1...
Run output will be captured here: C:/Users/jonnaji/Documents/Final-Project/Vivado/Project/Project.runs/synth_1/runme.log
[Fri May  3 13:50:49 2024] Launched impl_1...
Run output will be captured here: C:/Users/jonnaji/Documents/Final-Project/Vivado/Project/Project.runs/impl_1/runme.log
exit
INFO: [Common 17-206] Exiting Vivado at Fri May  3 14:04:09 2024...
